----- 2025-06-23 16:46:47 -----  START
[pull]
error: cannot pull with rebase: You have unstaged changes.
error: please commit or stash them.
[fetch]
From https://github.com/velikrus/stash
 * branch            main       -> FETCH_HEAD
[add]   Default.yaml
[commit] test2
[main 8e55045] test2
 1 file changed, 1 insertion(+), 1 deletion(-)
[rebase]
error: cannot pull with rebase: You have unstaged changes.
error: please commit or stash them.
❌ rebase failed
----- 2025-06-23 16:48:39 -----  START
⚠️ Обнаружены несохранённые изменения — коммичу
[main d40d44c] 🛠 Автокоммит несохранённых изменений
 5 files changed, 83 insertions(+), 37 deletions(-)
 create mode 100644 auto_commit.log
 rewrite auto_commit.sh (75%)
[pull]
error: cannot pull with rebase: You have unstaged changes.
error: please commit or stash them.
❌ pull/rebase failed
